User 1026854688: User 1026854688: /start
 Bot: Bot: Привет! Я бот. Напиши /help, чтобы узнать список команд.
 User 1026854688: User 1026854688: /help
 User 1026854688: Bot: Вот список доступных команд:
/start - Начать диалог
/help - Показать список команд
/weather - Показать погоду на данный момент
/weather_detail - Показать погоду подробно
/forecast - Прогноз погоды на будущее
<u><b>/website</b></u> - Сайт openweather
 User 1026854688: User 1026854688: /start
 Bot: Bot: Привет! Я бот. Напиши /help, чтобы узнать список команд.
 User 1026854688: User 1026854688: /weather Bot: Bot: Введите город пожалуйста:  User 1026854688: Кемерово Bot: Сейчас температура: 1.83
Bot: Отправлено фото: ./Cold.jpg
User 1026854688: User 1026854688: /weather_detail Bot: Bot: Введите город пожалуйста:  User 1026854688: Кемерово Bot: Сейчас погода: 
Сейчас температура: 1.83 
По ощущениям: 1.83 
Минимальная температура: 1.17 
Максимальная температура: 1.83 
Давление: 1019 
Влажность: 100 
Скорость ветра: 1
Bot: Отправлено фото: ./Cold.jpg
User 1026854688: User 1026854688: /forecast Bot: Bot: Введите город и дату (YYYY-MM-DD) для прогноза погоды (например, Moscow,2023-10-01):  User 1026854688: /website Bot: Bot: Пожалуйста, введите город и дату в формате 'Город,YYYY-MM-DD'. User 1026854688: User 1026854688: /start
 User 1026854688: User 1026854688: /start
 Bot: Bot: Привет! Я бот. Напиши /help, чтобы узнать список команд.
 Bot: Bot: Привет! Я бот. Напиши /help, чтобы узнать список команд.
 