User 5083386193: User 5083386193: /weather

Bot: Bot: Введите город пожалуйста: 

User 5083386193: Топки

Bot: Сейчас температура: 0.23
Bot: Отправлено фото: ./Cold.jpg

User 5083386193: User 5083386193: /weather_detail

Bot: Bot: Введите город пожалуйста: 

User 5083386193: Топки

Bot: Сейчас погода: 
Сейчас температура: 0.23 
По ощущениям: -1.96 
Минимальная температура: 0.23 
Максимальная температура: 1.89 
Давление: 1021 
Влажность: 89 
Скорость ветра: 1.82
Bot: Отправлено фото: ./Cold.jpg

User 5083386193: User 5083386193: /help

User 5083386193: Bot: Вот список доступных команд:
/start - Начать диалог
/help - Показать список команд
/weather - Показать погоду на данный момент
/weather_detail - Показать погоду подробно
/forecast - Прогноз погоды на будущее
<u><b>/website</b></u> - Сайт openweather

User 5083386193: User 5083386193: /website

Bot: Bot: Открываю веб-сайт OpenWeatherMap...

User 5083386193: User 5083386193: /start

Bot: Bot: Привет! Я бот. Напиши /help, чтобы узнать список команд.

User 5083386193: User 5083386193: /help

User 5083386193: Bot: Вот список доступных команд:
/start - Начать диалог
/help - Показать список команд
/weather - Показать погоду на данный момент
/weather_detail - Показать погоду подробно
/forecast - Прогноз погоды на будущее
<u><b>/website</b></u> - Сайт openweather
User 5083386193: User 5083386193: /weather Bot: Bot: Введите город пожалуйста: 
 
User 5083386193: 
Топки Bot: Сейчас температура: 0.23
Bot: Отправлено фото: ./Cold.jpg
User 5083386193: User 5083386193: /weather_detail Bot: Bot: Введите город пожалуйста:  User 5083386193: Топки Bot: Сейчас погода: 
Сейчас температура: 0.23 
По ощущениям: -1.96 
Минимальная температура: 0.23 
Максимальная температура: 0.89 
Давление: 1021 
Влажность: 89 
Скорость ветра: 1.82
Bot: Отправлено фото: ./Cold.jpg

User 5083386193: User 5083386193: /forecast Bot: Bot: Введите город и дату (YYYY-MM-DD) для прогноза погоды (например, Moscow,2023-10-01):  User 5083386193: Moscow,2023-10-01 Bot: Bot: Прогноз погоды для moscow на 2023-10-01:
Температура: 17.94°C
Описание: clear sky
 User 5083386193: User 5083386193: /website Bot: Bot: Открываю веб-сайт OpenWeatherMap... User 5083386193: User 5083386193: /forecast Bot: Bot: Введите город и дату (YYYY-MM-DD) для прогноза погоды (например, Moscow,2023-10-01):  User 5083386193: Moscow,2023-10-01 Bot: Bot: Прогноз погоды для moscow на 2023-10-01:
Температура: 17.94°C
Описание: clear sky
 User 5083386193: User 5083386193: /start
 Bot: Bot: Привет! Я бот. Напиши /help, чтобы узнать список команд.
 User 5083386193: User 5083386193: /help
 User 5083386193: Bot: Вот список доступных команд:
/start - Начать диалог
/help - Показать список команд
/weather - Показать погоду на данный момент
/weather_detail - Показать погоду подробно
/forecast - Прогноз погоды на будущее
<u><b>/website</b></u> - Сайт openweather
 User 5083386193: User 5083386193: /start
 Bot: Bot: Привет! Я бот. Напиши /help, чтобы узнать список команд.
 User 5083386193: User 5083386193: /help
 User 5083386193: Bot: Вот список доступных команд:
/start - Начать диалог
/help - Показать список команд
/weather - Показать погоду на данный момент
/weather_detail - Показать погоду подробно
/forecast - Прогноз погоды на будущее
<u><b>/website</b></u> - Сайт openweather
 User 5083386193: User 5083386193: /weather Bot: Bot: Введите город пожалуйста:  User 5083386193: Кемерово Bot: Сейчас температура: 1.83
Bot: Отправлено фото: ./Cold.jpg
User 5083386193: User 5083386193: /weather_detail Bot: Bot: Введите город пожалуйста:  User 5083386193: Кемерово Bot: Сейчас погода: 
Сейчас температура: 1.83 
По ощущениям: 1.83 
Минимальная температура: 1.17 
Максимальная температура: 1.83 
Давление: 1019 
Влажность: 100 
Скорость ветра: 1
Bot: Отправлено фото: ./Cold.jpg
User 5083386193: User 5083386193: /forecast Bot: Bot: Введите город и дату (YYYY-MM-DD) для прогноза погоды (например, Moscow,2023-10-01):  User 5083386193: Кемерово,2023-10-01 Bot: Bot: Прогноз погоды для кемерово на 2023-10-01:
Температура: 8.15°C
Описание: light rain
 User 5083386193: User 5083386193: /website Bot: Bot: Открываю веб-сайт OpenWeatherMap... User 5083386193: User 5083386193: /help
 User 5083386193: Bot: Вот список доступных команд:
/start - Начать диалог
/help - Показать список команд
/weather - Показать погоду на данный момент
/weather_detail - Показать погоду подробно
/forecast - Прогноз погоды на будущее
<u><b>/website</b></u> - Сайт openweather
 User 5083386193: User 5083386193: /start
 Bot: Bot: Привет! Я бот. Напиши /help, чтобы узнать список команд.
 User 5083386193: User 5083386193: /start
 Bot: Bot: Привет! Я бот. Напиши /help, чтобы узнать список команд.
 User 5083386193: User 5083386193: /help
 User 5083386193: Bot: Вот список доступных команд:
/start - Начать диалог
/help - Показать список команд
/weather - Показать погоду на данный момент
/weather_detail - Показать погоду подробно
/forecast - Прогноз погоды на будущее
<u><b>/website</b></u> - Сайт openweather
 User 5083386193: User 5083386193: /weather Bot: Bot: Введите город пожалуйста:  User 5083386193: Кемерово Bot: Сейчас температура: 1.83
Bot: Отправлено фото: ./Cold.jpg
User 5083386193: User 5083386193: /weather_detail Bot: Bot: Введите город пожалуйста:  User 5083386193: kemerovo Bot: Сейчас погода: 
Сейчас температура: 1.83 
По ощущениям: 1.83 
Минимальная температура: 1.83 
Максимальная температура: 1.83 
Давление: 1018 
Влажность: 100 
Скорость ветра: 1
Bot: Отправлено фото: ./Cold.jpg
User 5083386193: User 5083386193: /forecast Bot: Bot: Введите город и дату (YYYY-MM-DD) для прогноза погоды (например, Moscow,2023-10-01):  User 5083386193: Кемерово,2023-09-26 Bot: Bot: Прогноз погоды для кемерово на 2023-09-26:
Температура: 1.19°C
Описание: scattered clouds
 User 5083386193: User 5083386193: /website Bot: Bot: Открываю веб-сайт OpenWeatherMap... User 5083386193: User 5083386193: /start
 Bot: Bot: Привет! Я бот. Напиши /help, чтобы узнать список команд.
 User 5083386193: User 5083386193: /help
 User 5083386193: Bot: Вот список доступных команд:
/start - Начать диалог
/help - Показать список команд
/weather - Показать погоду на данный момент
/weather_detail - Показать погоду подробно
/forecast - Прогноз погоды на будущее
<u><b>/website</b></u> - Сайт openweather
 User 5083386193: User 5083386193: /start
 Bot: Bot: Привет! Я бот. Напиши /help, чтобы узнать список команд.
 User 5083386193: User 5083386193: /help
 User 5083386193: Bot: Вот список доступных команд:
/start - Начать диалог
/help - Показать список команд
/weather - Показать погоду на данный момент
/weather_detail - Показать погоду подробно
/forecast - Прогноз погоды на будущее
<u><b>/website</b></u> - Сайт openweather
 